<?xml version="1.0" encoding="UTF-8" ?>
<testsuite failures="0" time="9.251" errors="1" skipped="0" tests="3" name="twitter4j.ApacheHttpClientTest">
  <properties>
[...]
</properties>
  <testcase time="5.652" classname="twitter4j.ApacheHttpClientTest" name="testGet"/>
  <testcase time="3.563" classname="twitter4j.ApacheHttpClientTest" name="testPost"/>
  <testcase time="0.003" classname="twitter4j.ApacheHttpClientTest" name="testMultipartPost">
    <error message="java.io.FileNotFoundException: src/test/resources/t4j-reverse.png is not found." type="twitter4j.TwitterException">twitter4j.TwitterException: java.io.FileNotFoundException: src/test/resources/t4j-reverse.png is not found.
	at twitter4j.Twitter.checkFileValidity(Twitter.java:1225)
	at twitter4j.Twitter.updateProfileBackgroundImage(Twitter.java:1208)
	at twitter4j.ApacheHttpClientTest.testMultipartPost(ApacheHttpClientTest.java:85)
Caused by: java.io.FileNotFoundException: src/test/resources/t4j-reverse.png is not found.
	... 29 more
</error>
  </testcase>
</testsuite>